#Coor		Free	+/-		Prob		+/-
1.827333	inf	-nan	0.000000	-nan
1.882000	inf	-nan	0.000000	-nan
1.936667	inf	-nan	0.000000	-nan
1.991333	inf	-nan	0.000000	-nan
2.046000	inf	-nan	0.000000	-nan
2.100667	inf	-nan	0.000000	-nan
2.155333	inf	-nan	0.000000	-nan
2.210000	inf	-nan	0.000000	-nan
2.264667	inf	-nan	0.000000	-nan
2.319333	inf	-nan	0.000000	-nan
2.374000	inf	-nan	0.000000	-nan
2.428667	inf	-nan	0.000000	-nan
2.483333	inf	-nan	0.000000	-nan
2.538000	3.617771	-nan	0.000188	-nan
2.592667	3.438063	-nan	0.000254	-nan
2.647333	2.569208	-nan	0.001091	-nan
2.702000	1.904555	-nan	0.003325	-nan
2.756667	1.621675	-nan	0.005344	-nan
2.811333	1.453209	-nan	0.007090	-nan
2.866000	1.290800	-nan	0.009310	-nan
2.920667	1.355821	-nan	0.008348	-nan
2.975333	1.650043	-nan	0.005096	-nan
3.030000	1.969632	-nan	0.002981	-nan
3.084667	1.653276	-nan	0.005068	-nan
3.139333	1.535908	-nan	0.006171	-nan
3.194000	1.795224	-nan	0.003995	-nan
3.248667	2.238473	-nan	0.001899	-nan
3.303333	1.753043	-nan	0.004287	-nan
3.358000	1.825337	-nan	0.003798	-nan
3.412667	2.039990	-nan	0.002649	-nan
3.467333	2.408171	-nan	0.001429	-nan
3.522000	1.870285	-nan	0.003522	-nan
3.576667	1.831561	-nan	0.003758	-nan
3.631333	1.479604	-nan	0.006783	-nan
3.686000	1.235072	-nan	0.010222	-nan
3.740667	1.139444	-nan	0.012000	-nan
3.795333	1.354119	-nan	0.008372	-nan
3.850000	1.182897	-nan	0.011157	-nan
3.904667	1.711233	-nan	0.004599	-nan
3.959333	1.384516	-nan	0.007955	-nan
4.014000	1.430549	-nan	0.007364	-nan
4.068667	1.751973	-nan	0.004295	-nan
4.123333	1.239856	-nan	0.010140	-nan
4.178000	0.721494	-nan	0.024192	-nan
4.232667	1.162150	-nan	0.011552	-nan
4.287333	1.265529	-nan	0.009713	-nan
4.342000	0.775901	-nan	0.022082	-nan
4.396667	0.601362	-nan	0.029592	-nan
4.451333	0.273629	-nan	0.051278	-nan
4.506000	0.323414	-nan	0.047169	-nan
4.560667	0.388792	-nan	0.042270	-nan
4.615333	0.254693	-nan	0.052932	-nan
4.670000	0.478303	-nan	0.036377	-nan
4.724667	0.374902	-nan	0.043266	-nan
4.779333	0.234592	-nan	0.054747	-nan
4.834000	0.410114	-nan	0.040785	-nan
4.888667	0.110300	-nan	0.067439	-nan
4.943333	0.372440	-nan	0.043445	-nan
4.998000	0.668369	-nan	0.026446	-nan
5.052667	0.130754	-nan	0.065164	-nan
5.107333	0.000000	-nan	0.081145	-nan
5.162000	0.650621	-nan	0.027245	-nan
5.216667	0.952593	-nan	0.016418	-nan
5.271333	0.361467	-nan	0.044253	-nan
5.326000	inf	-nan	0.000000	-nan
5.380667	inf	-nan	0.000000	-nan
5.435333	inf	-nan	0.000000	-nan
5.490000	inf	-nan	0.000000	-nan
5.544667	inf	-nan	0.000000	-nan
5.599333	inf	-nan	0.000000	-nan
5.654000	inf	-nan	0.000000	-nan
5.708667	inf	-nan	0.000000	-nan
5.763333	inf	-nan	0.000000	-nan
5.818000	inf	-nan	0.000000	-nan
5.872667	inf	-nan	0.000000	-nan
5.927333	inf	-nan	0.000000	-nan
5.982000	inf	-nan	0.000000	-nan
6.036667	inf	-nan	0.000000	-nan
6.091333	inf	-nan	0.000000	-nan
6.146000	inf	-nan	0.000000	-nan
6.200667	inf	-nan	0.000000	-nan
6.255333	inf	-nan	0.000000	-nan
6.310000	inf	-nan	0.000000	-nan
6.364667	inf	-nan	0.000000	-nan
6.419333	inf	-nan	0.000000	-nan
6.474000	inf	-nan	0.000000	-nan
6.528667	inf	-nan	0.000000	-nan
6.583333	inf	-nan	0.000000	-nan
6.638000	inf	-nan	0.000000	-nan
6.692667	inf	-nan	0.000000	-nan
6.747333	inf	-nan	0.000000	-nan
6.802000	inf	-nan	0.000000	-nan
6.856667	inf	-nan	0.000000	-nan
6.911333	inf	-nan	0.000000	-nan
6.966000	inf	-nan	0.000000	-nan
7.020667	inf	-nan	0.000000	-nan
7.075333	inf	-nan	0.000000	-nan
7.130000	inf	-nan	0.000000	-nan
7.184667	inf	-nan	0.000000	-nan
7.239333	inf	-nan	0.000000	-nan
7.294000	inf	-nan	0.000000	-nan
7.348667	inf	-nan	0.000000	-nan
7.403333	inf	-nan	0.000000	-nan
7.458000	inf	-nan	0.000000	-nan
7.512667	inf	-nan	0.000000	-nan
7.567333	inf	-nan	0.000000	-nan
7.622000	inf	-nan	0.000000	-nan
7.676667	inf	-nan	0.000000	-nan
7.731333	inf	-nan	0.000000	-nan
7.786000	inf	-nan	0.000000	-nan
7.840667	inf	-nan	0.000000	-nan
7.895333	inf	-nan	0.000000	-nan
7.950000	inf	-nan	0.000000	-nan
8.004667	inf	-nan	0.000000	-nan
8.059333	inf	-nan	0.000000	-nan
8.114000	inf	-nan	0.000000	-nan
8.168667	inf	-nan	0.000000	-nan
8.223333	inf	-nan	0.000000	-nan
8.278000	inf	-nan	0.000000	-nan
8.332667	inf	-nan	0.000000	-nan
8.387333	inf	-nan	0.000000	-nan
8.442000	inf	-nan	0.000000	-nan
8.496667	inf	-nan	0.000000	-nan
8.551333	inf	-nan	0.000000	-nan
8.606000	inf	-nan	0.000000	-nan
8.660667	inf	-nan	0.000000	-nan
8.715333	inf	-nan	0.000000	-nan
8.770000	inf	-nan	0.000000	-nan
8.824667	inf	-nan	0.000000	-nan
8.879333	inf	-nan	0.000000	-nan
8.934000	inf	-nan	0.000000	-nan
8.988667	inf	-nan	0.000000	-nan
9.043333	inf	-nan	0.000000	-nan
9.098000	inf	-nan	0.000000	-nan
9.152667	inf	-nan	0.000000	-nan
9.207333	inf	-nan	0.000000	-nan
9.262000	inf	-nan	0.000000	-nan
9.316667	inf	-nan	0.000000	-nan
9.371333	inf	-nan	0.000000	-nan
9.426000	inf	-nan	0.000000	-nan
9.480667	inf	-nan	0.000000	-nan
9.535333	inf	-nan	0.000000	-nan
9.590000	inf	-nan	0.000000	-nan
9.644667	inf	-nan	0.000000	-nan
9.699333	inf	-nan	0.000000	-nan
9.754000	inf	-nan	0.000000	-nan
9.808667	inf	-nan	0.000000	-nan
9.863333	inf	-nan	0.000000	-nan
9.918000	inf	-nan	0.000000	-nan
9.972667	inf	-nan	0.000000	-nan
#Window		Free	+/-	
#0	0.000000	-nan
#1	-0.091242	-nan
#2	-0.299432	-nan
#3	0.083344	-nan
#4	-0.417056	-nan
#5	-0.190915	-nan
