#Coor		Free	+/-		Prob		+/-
1.810000	1.129305	-nan	0.002918	-nan
1.830000	0.988656	-nan	0.003694	-nan
1.850000	0.737382	-nan	0.005631	-nan
1.870000	0.580477	-nan	0.007326	-nan
1.890000	0.472385	-nan	0.008782	-nan
1.910000	0.447826	-nan	0.009152	-nan
1.930000	0.201984	-nan	0.013822	-nan
1.950000	0.193911	-nan	0.014011	-nan
1.970000	0.110492	-nan	0.016115	-nan
1.990000	0.149267	-nan	0.015100	-nan
2.010000	0.082651	-nan	0.016886	-nan
2.030000	0.000000	-nan	0.019397	-nan
2.050000	0.089351	-nan	0.016697	-nan
2.070000	0.191383	-nan	0.014070	-nan
2.090000	0.143093	-nan	0.015258	-nan
2.110000	0.140329	-nan	0.015329	-nan
2.130000	0.181834	-nan	0.014298	-nan
2.150000	0.223181	-nan	0.013340	-nan
2.170000	0.369524	-nan	0.010436	-nan
2.190000	0.424949	-nan	0.009510	-nan
2.210000	0.500305	-nan	0.008380	-nan
2.230000	0.508012	-nan	0.008273	-nan
2.250000	0.469352	-nan	0.008827	-nan
2.270000	0.489082	-nan	0.008540	-nan
2.290000	0.593870	-nan	0.007163	-nan
2.310000	0.668863	-nan	0.006316	-nan
2.330000	0.786378	-nan	0.005186	-nan
2.350000	0.763136	-nan	0.005393	-nan
2.370000	0.707511	-nan	0.005920	-nan
2.390000	0.760316	-nan	0.005418	-nan
2.410000	1.005644	-nan	0.003590	-nan
2.430000	0.954677	-nan	0.003911	-nan
2.450000	0.904510	-nan	0.004254	-nan
2.470000	0.909563	-nan	0.004218	-nan
2.490000	0.694322	-nan	0.006052	-nan
2.510000	0.668690	-nan	0.006318	-nan
2.530000	0.661646	-nan	0.006393	-nan
2.550000	0.640221	-nan	0.006627	-nan
2.570000	0.631309	-nan	0.006727	-nan
2.590000	0.789223	-nan	0.005162	-nan
2.610000	0.799255	-nan	0.005076	-nan
2.630000	0.854422	-nan	0.004627	-nan
2.650000	0.730902	-nan	0.005692	-nan
2.670000	0.798738	-nan	0.005080	-nan
2.690000	0.860128	-nan	0.004583	-nan
2.710000	0.739439	-nan	0.005611	-nan
2.730000	0.601388	-nan	0.007073	-nan
2.750000	0.661661	-nan	0.006393	-nan
2.770000	0.552761	-nan	0.007675	-nan
2.790000	0.733805	-nan	0.005665	-nan
2.810000	0.749391	-nan	0.005518	-nan
2.830000	0.647739	-nan	0.006544	-nan
2.850000	0.535814	-nan	0.007896	-nan
2.870000	0.550712	-nan	0.007701	-nan
2.890000	0.670674	-nan	0.006297	-nan
2.910000	0.490506	-nan	0.008519	-nan
2.930000	0.765744	-nan	0.005369	-nan
2.950000	0.752537	-nan	0.005489	-nan
2.970000	0.932587	-nan	0.004058	-nan
2.990000	0.823759	-nan	0.004871	-nan
3.010000	0.752743	-nan	0.005487	-nan
3.030000	0.724065	-nan	0.005758	-nan
3.050000	0.668202	-nan	0.006323	-nan
3.070000	1.002570	-nan	0.003609	-nan
3.090000	0.730979	-nan	0.005691	-nan
3.110000	0.795934	-nan	0.005104	-nan
3.130000	0.911878	-nan	0.004202	-nan
3.150000	0.813149	-nan	0.004959	-nan
3.170000	0.892104	-nan	0.004344	-nan
3.190000	1.079993	-nan	0.003169	-nan
3.210000	1.325161	-nan	0.002101	-nan
3.230000	1.139827	-nan	0.002867	-nan
3.250000	0.929659	-nan	0.004078	-nan
3.270000	1.149466	-nan	0.002821	-nan
3.290000	1.083108	-nan	0.003153	-nan
3.310000	0.963711	-nan	0.003852	-nan
3.330000	1.670830	-nan	0.001176	-nan
3.350000	1.525820	-nan	0.001500	-nan
3.370000	1.426039	-nan	0.001774	-nan
3.390000	1.439373	-nan	0.001734	-nan
3.410000	1.367450	-nan	0.001957	-nan
3.430000	1.076772	-nan	0.003187	-nan
3.450000	1.235019	-nan	0.002444	-nan
3.470000	1.099080	-nan	0.003069	-nan
3.490000	1.032335	-nan	0.003433	-nan
3.510000	1.011176	-nan	0.003557	-nan
3.530000	0.906612	-nan	0.004239	-nan
3.550000	0.697120	-nan	0.006024	-nan
3.570000	0.704631	-nan	0.005949	-nan
3.590000	0.614782	-nan	0.006916	-nan
3.610000	0.641148	-nan	0.006617	-nan
3.630000	0.437973	-nan	0.009304	-nan
3.650000	0.572762	-nan	0.007421	-nan
3.670000	0.373401	-nan	0.010368	-nan
3.690000	0.545381	-nan	0.007770	-nan
3.710000	0.298227	-nan	0.011762	-nan
3.730000	0.442663	-nan	0.009231	-nan
3.750000	0.535300	-nan	0.007903	-nan
3.770000	0.268970	-nan	0.012353	-nan
3.790000	0.304205	-nan	0.011644	-nan
3.810000	0.213303	-nan	0.013563	-nan
3.830000	0.178872	-nan	0.014369	-nan
3.850000	0.189012	-nan	0.014127	-nan
3.870000	0.188534	-nan	0.014138	-nan
3.890000	0.111159	-nan	0.016097	-nan
3.910000	0.099915	-nan	0.016404	-nan
3.930000	0.190814	-nan	0.014084	-nan
3.950000	0.239220	-nan	0.012986	-nan
3.970000	0.139986	-nan	0.015337	-nan
3.990000	0.311748	-nan	0.011498	-nan
4.010000	0.473436	-nan	0.008767	-nan
4.030000	0.508774	-nan	0.008262	-nan
4.050000	0.281066	-nan	0.012105	-nan
4.070000	0.549463	-nan	0.007717	-nan
4.090000	0.664933	-nan	0.006358	-nan
4.110000	0.541946	-nan	0.007815	-nan
4.130000	0.568421	-nan	0.007476	-nan
4.150000	0.862508	-nan	0.004565	-nan
4.170000	0.897451	-nan	0.004305	-nan
4.190000	0.976415	-nan	0.003771	-nan
4.210000	0.668895	-nan	0.006316	-nan
4.230000	1.008480	-nan	0.003573	-nan
4.250000	0.539534	-nan	0.007847	-nan
4.270000	0.557241	-nan	0.007617	-nan
4.290000	0.603991	-nan	0.007043	-nan
4.310000	0.752672	-nan	0.005488	-nan
4.330000	0.737933	-nan	0.005625	-nan
4.350000	0.643359	-nan	0.006593	-nan
4.370000	0.502311	-nan	0.008352	-nan
4.390000	0.615625	-nan	0.006906	-nan
4.410000	0.789809	-nan	0.005157	-nan
4.430000	0.983151	-nan	0.003728	-nan
4.450000	0.814062	-nan	0.004951	-nan
4.470000	1.299038	-nan	0.002195	-nan
4.490000	1.429385	-nan	0.001764	-nan
4.510000	1.375106	-nan	0.001932	-nan
4.530000	1.919545	-nan	0.000775	-nan
4.550000	2.067303	-nan	0.000605	-nan
4.570000	2.107151	-nan	0.000566	-nan
4.590000	2.180904	-nan	0.000500	-nan
4.610000	2.278318	-nan	0.000425	-nan
4.630000	1.920035	-nan	0.000774	-nan
4.650000	1.935679	-nan	0.000754	-nan
4.670000	1.886989	-nan	0.000819	-nan
4.690000	2.050587	-nan	0.000622	-nan
4.710000	2.185666	-nan	0.000496	-nan
4.730000	2.328946	-nan	0.000390	-nan
4.750000	2.098085	-nan	0.000575	-nan
4.770000	2.203116	-nan	0.000482	-nan
4.790000	2.378293	-nan	0.000359	-nan
#Window		Free	+/-	
#0	0.000000	-nan
#1	0.076160	-nan
#2	0.155255	-nan
#3	0.171747	-nan
#4	0.052570	-nan
#5	0.027222	-nan
#6	2.684467	-nan
#7	0.187124	-nan
#8	0.000000	-nan
#9	0.118540	-nan
#10	0.155255	-nan
#11	0.076160	-nan
#12	0.076160	-nan
#13	4.478517	-nan
