#Coor		Free	+/-		Prob		+/-
2.717500	1.122856	-nan	0.009644	-nan
2.752500	1.167940	-nan	0.008942	-nan
2.787500	1.141750	-nan	0.009344	-nan
2.822500	0.776436	-nan	0.017244	-nan
2.857500	0.586366	-nan	0.023719	-nan
2.892500	0.755321	-nan	0.017866	-nan
2.927500	0.305641	-nan	0.037984	-nan
2.962500	0.304330	-nan	0.038068	-nan
2.997500	0.627127	-nan	0.022152	-nan
3.032500	0.387482	-nan	0.033112	-nan
3.067500	0.115053	-nan	0.052293	-nan
3.102500	0.048098	-nan	0.058509	-nan
3.137500	0.000000	-nan	0.063425	-nan
3.172500	0.215713	-nan	0.044169	-nan
3.207500	0.214191	-nan	0.044282	-nan
3.242500	0.381756	-nan	0.033432	-nan
3.277500	0.395381	-nan	0.032676	-nan
3.312500	0.364939	-nan	0.034388	-nan
3.347500	0.390382	-nan	0.032951	-nan
3.382500	0.594008	-nan	0.023417	-nan
3.417500	0.592642	-nan	0.023471	-nan
3.452500	0.827823	-nan	0.015820	-nan
3.487500	0.681917	-nan	0.020207	-nan
3.522500	0.783909	-nan	0.017029	-nan
3.557500	0.588794	-nan	0.023623	-nan
3.592500	0.995306	-nan	0.011945	-nan
3.627500	0.923367	-nan	0.013477	-nan
3.662500	0.972910	-nan	0.012403	-nan
3.697500	0.865063	-nan	0.014862	-nan
3.732500	0.613623	-nan	0.022659	-nan
3.767500	0.828995	-nan	0.015789	-nan
3.802500	0.789528	-nan	0.016869	-nan
3.837500	0.815245	-nan	0.016157	-nan
3.872500	1.131781	-nan	0.009501	-nan
3.907500	1.353244	-nan	0.006553	-nan
3.942500	1.315872	-nan	0.006977	-nan
3.977500	1.301886	-nan	0.007143	-nan
4.012500	1.407728	-nan	0.005981	-nan
4.047500	1.580698	-nan	0.004475	-nan
4.082500	1.522268	-nan	0.004935	-nan
4.117500	1.419059	-nan	0.005868	-nan
4.152500	1.528647	-nan	0.004883	-nan
4.187500	1.743832	-nan	0.003403	-nan
4.222500	1.782279	-nan	0.003191	-nan
4.257500	1.819516	-nan	0.002998	-nan
4.292500	2.119161	-nan	0.001813	-nan
4.327500	2.157019	-nan	0.001702	-nan
4.362500	2.095674	-nan	0.001886	-nan
4.397500	1.639099	-nan	0.004057	-nan
4.432500	1.376033	-nan	0.006307	-nan
4.467500	1.415868	-nan	0.005900	-nan
4.502500	1.603800	-nan	0.004304	-nan
4.537500	1.799131	-nan	0.003102	-nan
4.572500	1.964141	-nan	0.002352	-nan
4.607500	1.923206	-nan	0.002519	-nan
4.642500	2.084601	-nan	0.001922	-nan
4.677500	1.820280	-nan	0.002994	-nan
4.712500	1.822001	-nan	0.002985	-nan
4.747500	2.093956	-nan	0.001892	-nan
4.782500	2.258467	-nan	0.001435	-nan
4.817500	1.820903	-nan	0.002991	-nan
4.852500	1.823355	-nan	0.002978	-nan
4.887500	1.929921	-nan	0.002491	-nan
4.922500	1.857128	-nan	0.002814	-nan
4.957500	2.131615	-nan	0.001776	-nan
4.992500	2.353232	-nan	0.001225	-nan
5.027500	2.901155	-nan	0.000488	-nan
5.062500	2.692039	-nan	0.000694	-nan
5.097500	2.635935	-nan	0.000762	-nan
5.132500	2.606725	-nan	0.000800	-nan
5.167500	2.354350	-nan	0.001222	-nan
5.202500	2.464818	-nan	0.001015	-nan
5.237500	2.576498	-nan	0.000842	-nan
5.272500	2.856203	-nan	0.000527	-nan
5.307500	2.874741	-nan	0.000511	-nan
5.342500	3.086086	-nan	0.000358	-nan
5.377500	3.126944	-nan	0.000334	-nan
5.412500	3.039876	-nan	0.000387	-nan
5.447500	3.103277	-nan	0.000348	-nan
5.482500	2.912644	-nan	0.000479	-nan
5.517500	2.949343	-nan	0.000451	-nan
5.552500	2.897175	-nan	0.000492	-nan
5.587500	3.278509	-nan	0.000259	-nan
5.622500	3.293926	-nan	0.000253	-nan
5.657500	3.363341	-nan	0.000225	-nan
5.692500	3.237616	-nan	0.000278	-nan
5.727500	3.288896	-nan	0.000255	-nan
5.762500	3.318059	-nan	0.000243	-nan
5.797500	3.489798	-nan	0.000182	-nan
5.832500	3.616814	-nan	0.000147	-nan
5.867500	3.438911	-nan	0.000198	-nan
5.902500	3.573522	-nan	0.000158	-nan
5.937500	3.826873	-nan	0.000103	-nan
5.972500	4.095972	-nan	0.000066	-nan
6.007500	4.054341	-nan	0.000071	-nan
6.042500	4.083274	-nan	0.000067	-nan
6.077500	4.503594	-nan	0.000033	-nan
6.112500	4.509795	-nan	0.000033	-nan
6.147500	4.452816	-nan	0.000036	-nan
6.182500	4.545349	-nan	0.000031	-nan
6.217500	4.473352	-nan	0.000035	-nan
6.252500	4.227465	-nan	0.000053	-nan
6.287500	4.521440	-nan	0.000032	-nan
6.322500	4.496596	-nan	0.000034	-nan
6.357500	4.799323	-nan	0.000020	-nan
6.392500	4.816412	-nan	0.000020	-nan
6.427500	5.394192	-nan	0.000007	-nan
6.462500	5.027046	-nan	0.000014	-nan
6.497500	5.320038	-nan	0.000008	-nan
6.532500	5.108537	-nan	0.000012	-nan
6.567500	5.117830	-nan	0.000012	-nan
6.602500	5.125476	-nan	0.000012	-nan
6.637500	5.593437	-nan	0.000005	-nan
6.672500	5.227289	-nan	0.000010	-nan
6.707500	5.100773	-nan	0.000012	-nan
6.742500	5.480311	-nan	0.000006	-nan
6.777500	5.337643	-nan	0.000008	-nan
6.812500	5.411775	-nan	0.000007	-nan
6.847500	5.638475	-nan	0.000005	-nan
6.882500	5.982443	-nan	0.000003	-nan
6.917500	5.542998	-nan	0.000006	-nan
6.952500	5.653169	-nan	0.000005	-nan
6.987500	5.724571	-nan	0.000004	-nan
7.022500	5.532556	-nan	0.000006	-nan
7.057500	5.472852	-nan	0.000007	-nan
7.092500	5.650345	-nan	0.000005	-nan
7.127500	5.729932	-nan	0.000004	-nan
7.162500	5.893426	-nan	0.000003	-nan
7.197500	6.254733	-nan	0.000002	-nan
7.232500	6.207589	-nan	0.000002	-nan
7.267500	6.399306	-nan	0.000001	-nan
7.302500	6.835870	-nan	0.000001	-nan
7.337500	6.797839	-nan	0.000001	-nan
7.372500	6.808763	-nan	0.000001	-nan
7.407500	7.146781	-nan	0.000000	-nan
7.442500	6.870800	-nan	0.000001	-nan
7.477500	6.987785	-nan	0.000001	-nan
7.512500	6.821150	-nan	0.000001	-nan
7.547500	6.879814	-nan	0.000001	-nan
7.582500	6.880851	-nan	0.000001	-nan
7.617500	6.908500	-nan	0.000001	-nan
7.652500	6.955761	-nan	0.000001	-nan
7.687500	7.035735	-nan	0.000000	-nan
7.722500	7.086671	-nan	0.000000	-nan
7.757500	6.913735	-nan	0.000001	-nan
7.792500	6.946258	-nan	0.000001	-nan
7.827500	7.197167	-nan	0.000000	-nan
7.862500	7.129855	-nan	0.000000	-nan
7.897500	7.421800	-nan	0.000000	-nan
7.932500	7.311491	-nan	0.000000	-nan
#Window		Free	+/-	
#0	0.000000	-nan
#1	4.346380	-nan
#2	2.710336	-nan
#3	2.710336	-nan
#4	-2.801423	-nan
#5	-1.248253	-nan
#6	-2.801423	-nan
#7	-0.463791	-nan
#8	1.667541	-nan
#9	-2.526632	-nan
#10	-0.463791	-nan
#11	-1.248253	-nan
#12	-0.463791	-nan
#13	-1.846365	-nan
#14	-2.801423	-nan
#15	0.514021	-nan
#16	-1.248253	-nan
#17	3.885987	-nan
#18	0.000000	-nan
#19	1.667541	-nan
#20	0.000000	-nan
#21	-1.546083	-nan
#22	0.514021	-nan
#23	0.514021	-nan
#24	3.885987	-nan
#25	3.885987	-nan
#26	-0.463791	-nan
#27	-1.546083	-nan
#28	4.346380	-nan
#29	-0.463791	-nan
#30	3.885987	-nan
#31	4.346380	-nan
#32	-1.846365	-nan
#33	0.000000	-nan
#34	2.710336	-nan
#35	-1.846365	-nan
#36	-1.248253	-nan
#37	3.885987	-nan
#38	1.667541	-nan
#39	-2.526632	-nan
#40	4.346380	-nan
#41	0.000000	-nan
#42	-2.526632	-nan
#43	-1.846365	-nan
#44	0.514021	-nan
#45	-1.248253	-nan
#46	-0.463791	-nan
